<html>
<body>
<pre>
<h1>Build Log</h1>
<h3>
--------------------Configuration: CppUnitTestApp - Win32 Debug--------------------
</h3>
<h3>Command Lines</h3>
Creating temporary file "C:\DOCUME~1\ADMINI~1\LOCALS~1\Temp\RSP60.bat" with contents
[
@echo off
copy .\testrunnerd.dll .\Debug\testrunnerd.dll
]
Creating command line "C:\DOCUME~1\ADMINI~1\LOCALS~1\Temp\RSP60.bat"
Creating command line "rc.exe /l 0x40c /fo"Debug/CppUnitTestApp.res" /d "_DEBUG" /d "_AFXDLL" "D:\darkeden\Designed_Common\Project\Client\CppUnitTestApp\CppUnitTestApp.rc"" 
.\Debug\testrunnerd.dll
已复制         1 个文件。
Creating temporary file "C:\DOCUME~1\ADMINI~1\LOCALS~1\Temp\RSP61.tmp" with contents
[
/nologo /MDd /W3 /Gm /GR /GX /ZI /Od /I "../../../include" /I "../.." /I "suites" /D "_DEBUG" /D "WIN32" /D "_WINDOWS" /D "_AFXDLL" /D "_MBCS" /D "CPPUNIT_USE_TYPEINFO" /Fp"Debug/CppUnitTestApp.pch" /YX /Fo"Debug/" /Fd"Debug/" /FD /GZ /c 
"D:\darkeden\Designed_Common\Project\Client\CppUnitTestApp\CppUnitTestApp.cpp"
"D:\darkeden\Designed_Common\Project\Client\CppUnitTestApp\CppUnitTestAppDlg.cpp"
"D:\darkeden\Designed_Common\Project\Client\CppUnitTestApp\Suites\CppUnitTestSuite.cpp"
"D:\darkeden\Designed_Common\Project\Client\CppUnitTestApp\Tests\ExampleTest.cpp"
]
Creating command line "cl.exe @C:\DOCUME~1\ADMINI~1\LOCALS~1\Temp\RSP61.tmp" 
Creating temporary file "C:\DOCUME~1\ADMINI~1\LOCALS~1\Temp\RSP62.tmp" with contents
[
/nologo /MDd /W3 /Gm /GR /GX /ZI /Od /I "../../../include" /I "../.." /I "suites" /D "_DEBUG" /D "WIN32" /D "_WINDOWS" /D "_AFXDLL" /D "_MBCS" /D "CPPUNIT_USE_TYPEINFO" /Fp"Debug/CppUnitTestApp.pch" /Yc"stdafx.h" /Fo"Debug/" /Fd"Debug/" /FD /GZ /c 
"D:\darkeden\Designed_Common\Project\Client\CppUnitTestApp\StdAfx.cpp"
]
Creating command line "cl.exe @C:\DOCUME~1\ADMINI~1\LOCALS~1\Temp\RSP62.tmp" 
Creating temporary file "C:\DOCUME~1\ADMINI~1\LOCALS~1\Temp\RSP63.tmp" with contents
[
../../../Lib/cppunitd.lib ../../../Lib/testrunnerd.lib /nologo /subsystem:windows /incremental:yes /pdb:"Debug/CppUnitTestApp.pdb" /debug /machine:I386 /out:"Debug/CppUnitTestApp.exe" /pdbtype:sept 
.\Debug\CppUnitTestApp.obj
.\Debug\CppUnitTestAppDlg.obj
.\Debug\StdAfx.obj
.\Debug\CppUnitTestSuite.obj
.\Debug\ExampleTest.obj
.\Debug\CppUnitTestApp.res
]
Creating command line "link.exe @C:\DOCUME~1\ADMINI~1\LOCALS~1\Temp\RSP63.tmp"
<h3>Output Window</h3>
Compiling resources...
Compiling...
StdAfx.cpp
Compiling...
CppUnitTestApp.cpp
d:\darkeden\designed_common\project\client\cppunittestapp\cppunittestapp.cpp(8) : fatal error C1083: Cannot open include file: 'cppunit/msvc6/DSPlugin/TestRunnerDSPluginVC6.h': No such file or directory
CppUnitTestAppDlg.cpp
CppUnitTestSuite.cpp
d:\darkeden\designed_common\project\client\cppunittestapp\suites\cppunittestsuite.cpp(1) : fatal error C1083: Cannot open include file: 'cppunit/extensions/TestFactoryRegistry.h': No such file or directory
ExampleTest.cpp
d:\darkeden\designed_common\project\client\cppunittestapp\tests\exampletest.h(4) : fatal error C1083: Cannot open include file: 'cppunit/extensions/HelperMacros.h': No such file or directory
执行 cl.exe 时出错.



<h3>Results</h3>
CppUnitTestApp.exe - 1 error(s), 0 warning(s)
</pre>
</body>
</html>
